[debug] [2022-06-20T16:16:04.613Z] ----------------------------------------------------------------------
[debug] [2022-06-20T16:16:04.616Z] Command:       C:\Program Files\nodejs\node.exe C:\Users\lephu\AppData\Roaming\npm\node_modules\firebase-tools\lib\bin\firebase.js projects:list --json
[debug] [2022-06-20T16:16:04.617Z] CLI Version:   9.23.0
[debug] [2022-06-20T16:16:04.617Z] Platform:      win32
[debug] [2022-06-20T16:16:04.617Z] Node Version:  v16.13.0
[debug] [2022-06-20T16:16:04.618Z] Time:          Mon Jun 20 2022 23:16:04 GMT+0700 (Indochina Time)
[debug] [2022-06-20T16:16:04.619Z] ----------------------------------------------------------------------
[debug] 
[debug] [2022-06-20T16:16:04.622Z] >>> [apiv2][query] GET https://firebase-public.firebaseio.com/cli.json [none]
[debug] [2022-06-20T16:16:04.656Z] > command requires scopes: ["email","openid","https://www.googleapis.com/auth/cloudplatformprojects.readonly","https://www.googleapis.com/auth/firebase","https://www.googleapis.com/auth/cloud-platform"]
[debug] [2022-06-20T16:16:04.656Z] > authorizing via signed-in user (lephuonghien02101999@gmail.com)
[debug] [2022-06-20T16:16:04.660Z] > refreshing access token with scopes: []
[debug] [2022-06-20T16:16:04.661Z] >>> HTTP REQUEST POST https://www.googleapis.com/oauth2/v3/token  
 <request body omitted>
[debug] [2022-06-20T16:16:04.896Z] <<< HTTP RESPONSE 400 {"cache-control":"no-cache, no-store, max-age=0, must-revalidate","date":"Mon, 20 Jun 2022 16:16:04 GMT","pragma":"no-cache","expires":"Mon, 01 Jan 1990 00:00:00 GMT","content-type":"application/json; charset=utf-8","vary":"X-Origin, Referer, Origin,Accept-Encoding","server":"scaffolding on HTTPServer2","x-xss-protection":"0","x-frame-options":"SAMEORIGIN","x-content-type-options":"nosniff","alt-svc":"h3=\":443\"; ma=2592000,h3-29=\":443\"; ma=2592000,h3-Q050=\":443\"; ma=2592000,h3-Q046=\":443\"; ma=2592000,h3-Q043=\":443\"; ma=2592000,quic=\":443\"; ma=2592000; v=\"46,43\"","accept-ranges":"none","transfer-encoding":"chunked"}
[debug] [2022-06-20T16:16:04.898Z] >>> [apiv2][query] GET https://firebase.googleapis.com/v1beta1/projects pageSize=1000
[debug] [2022-06-20T16:16:05.131Z] <<< [apiv2][status] GET https://firebase.googleapis.com/v1beta1/projects 401
[debug] [2022-06-20T16:16:05.131Z] <<< [apiv2][body] GET https://firebase.googleapis.com/v1beta1/projects [omitted]
[debug] [2022-06-20T16:16:05.132Z] HTTP Error: 401, Request had invalid authentication credentials. Expected OAuth 2 access token, login cookie or other valid authentication credential. See https://developers.google.com/identity/sign-in/web/devconsole-project.
[debug] [2022-06-20T16:16:05.302Z] <<< [apiv2][status] GET https://firebase-public.firebaseio.com/cli.json 200
[debug] [2022-06-20T16:16:05.303Z] <<< [apiv2][body] GET https://firebase-public.firebaseio.com/cli.json {"cloudBuildErrorAfter":1594252800000,"cloudBuildWarnAfter":1590019200000,"defaultNode10After":1594252800000,"minVersion":"3.0.5","node8DeploysDisabledAfter":1613390400000,"node8RuntimeDisabledAfter":1615809600000,"node8WarnAfter":1600128000000}
[debug] [2022-06-20T16:16:05.361Z] FirebaseError: HTTP Error: 401, Request had invalid authentication credentials. Expected OAuth 2 access token, login cookie or other valid authentication credential. See https://developers.google.com/identity/sign-in/web/devconsole-project.
    at module.exports (C:\Users\lephu\AppData\Roaming\npm\node_modules\firebase-tools\lib\responseToError.js:38:12)
    at Client.doRequest (C:\Users\lephu\AppData\Roaming\npm\node_modules\firebase-tools\lib\apiv2.js:241:23)
    at processTicksAndRejections (node:internal/process/task_queues:96:5)
    at async Client.request (C:\Users\lephu\AppData\Roaming\npm\node_modules\firebase-tools\lib\apiv2.js:96:20)
    at async getProjectPage (C:\Users\lephu\AppData\Roaming\npm\node_modules\firebase-tools\lib\management\projects.js:233:17)
    at async getFirebaseProjectPage (C:\Users\lephu\AppData\Roaming\npm\node_modules\firebase-tools\lib\management\projects.js:250:23)
    at async Object.listFirebaseProjects (C:\Users\lephu\AppData\Roaming\npm\node_modules\firebase-tools\lib\management\projects.js:281:29)
    at async Command.actionFn (C:\Users\lephu\AppData\Roaming\npm\node_modules\firebase-tools\lib\commands\projects-list.js:50:20)
[error] 
[error] Error: Failed to list Firebase projects. See firebase-debug.log for more info.
